<?xml version="1.0" encoding="UTF-8"?>
<testng-results ignored="0" total="2" passed="2" failed="0" skipped="0">
  <reporter-output>
  </reporter-output>
  <suite started-at="2025-02-23T16:31:24 IST" name="Default suite" finished-at="2025-02-23T16:32:07 IST" duration-ms="42735">
    <groups>
      <group name="smokeSuite">
        <method signature="TC_01.methodTC_01()[pri:0, instance:createLeads.TC_01@6025e1b6]" name="methodTC_01" class="createLeads.TC_01"/>
      </group> <!-- smokeSuite -->
    </groups>
    <test started-at="2025-02-23T16:31:24 IST" name="Default test" finished-at="2025-02-23T16:32:07 IST" duration-ms="42735">
      <class name="createLeads.TC_01">
        <test-method is-config="true" signature="beforeSuite()[pri:0, instance:createLeads.TC_01@6025e1b6]" started-at="2025-02-23T16:31:24 IST" name="beforeSuite" finished-at="2025-02-23T16:31:24 IST" duration-ms="9" status="PASS">
          <reporter-output>
          </reporter-output>
        </test-method> <!-- beforeSuite -->
        <test-method is-config="true" signature="beforeMethod()[pri:0, instance:createLeads.TC_01@6025e1b6]" started-at="2025-02-23T16:31:25 IST" name="beforeMethod" finished-at="2025-02-23T16:31:35 IST" duration-ms="9818" status="PASS">
          <reporter-output>
          </reporter-output>
        </test-method> <!-- beforeMethod -->
        <test-method signature="methodTC_01()[pri:0, instance:createLeads.TC_01@6025e1b6]" started-at="2025-02-23T16:31:35 IST" name="methodTC_01" finished-at="2025-02-23T16:31:54 IST" duration-ms="19528" status="PASS">
          <reporter-output>
          </reporter-output>
        </test-method> <!-- methodTC_01 -->
        <test-method is-config="true" signature="afterMethod()[pri:0, instance:createLeads.TC_01@6025e1b6]" started-at="2025-02-23T16:31:54 IST" name="afterMethod" finished-at="2025-02-23T16:31:55 IST" duration-ms="1297" status="PASS">
          <reporter-output>
          </reporter-output>
        </test-method> <!-- afterMethod -->
        <test-method is-config="true" signature="beforeMethod()[pri:0, instance:createLeads.TC_01@6025e1b6]" started-at="2025-02-23T16:31:55 IST" name="beforeMethod" finished-at="2025-02-23T16:32:05 IST" duration-ms="9265" status="PASS">
          <reporter-output>
          </reporter-output>
        </test-method> <!-- beforeMethod -->
        <test-method signature="methodTC_02()[pri:0, instance:createLeads.TC_01@6025e1b6]" started-at="2025-02-23T16:32:05 IST" name="methodTC_02" finished-at="2025-02-23T16:32:05 IST" duration-ms="9" status="PASS">
          <reporter-output>
          </reporter-output>
        </test-method> <!-- methodTC_02 -->
        <test-method is-config="true" signature="afterMethod()[pri:0, instance:createLeads.TC_01@6025e1b6]" started-at="2025-02-23T16:32:05 IST" name="afterMethod" finished-at="2025-02-23T16:32:07 IST" duration-ms="2389" status="PASS">
          <reporter-output>
          </reporter-output>
        </test-method> <!-- afterMethod -->
        <test-method is-config="true" signature="methodAfterSuite()[pri:0, instance:createLeads.TC_01@6025e1b6]" started-at="2025-02-23T16:32:08 IST" name="methodAfterSuite" finished-at="2025-02-23T16:32:08 IST" duration-ms="0" status="PASS">
          <reporter-output>
          </reporter-output>
        </test-method> <!-- methodAfterSuite -->
      </class> <!-- createLeads.TC_01 -->
    </test> <!-- Default test -->
  </suite> <!-- Default suite -->
</testng-results>
