<?xml version="1.0" encoding="UTF-8"?>
<testng-results ignored="0" total="1" passed="1" failed="0" skipped="0">
  <reporter-output>
  </reporter-output>
  <suite started-at="2025-03-11T19:17:58 IST" name="Default suite" finished-at="2025-03-11T19:17:58 IST" duration-ms="57">
    <groups>
    </groups>
    <test started-at="2025-03-11T19:17:58 IST" name="Default test" finished-at="2025-03-11T19:17:58 IST" duration-ms="57">
      <class name="practice12.ReadDataFromCmdLine">
        <test-method signature="methodTC01()[pri:0, instance:practice12.ReadDataFromCmdLine@799f10e1]" started-at="2025-03-11T19:17:58 IST" name="methodTC01" finished-at="2025-03-11T19:17:58 IST" duration-ms="16" status="PASS">
          <reporter-output>
          </reporter-output>
        </test-method> <!-- methodTC01 -->
      </class> <!-- practice12.ReadDataFromCmdLine -->
    </test> <!-- Default test -->
  </suite> <!-- Default suite -->
</testng-results>
