<?xml version="1.0" encoding="UTF-8"?>
<testng-results ignored="0" total="2" passed="2" failed="0" skipped="0">
  <reporter-output>
  </reporter-output>
  <suite started-at="2025-01-19T21:43:44 IST" name="Default suite" finished-at="2025-01-19T21:44:27 IST" duration-ms="43272">
    <groups>
      <group name="smokeSuite">
        <method signature="CreateContact_T01Test.tc01Test()[pri:0, instance:createContact.CreateContact_T01Test@702657cc]" name="tc01Test" class="createContact.CreateContact_T01Test"/>
      </group> <!-- smokeSuite -->
    </groups>
    <test started-at="2025-01-19T21:43:44 IST" name="Default test" finished-at="2025-01-19T21:44:27 IST" duration-ms="43272">
      <class name="createContact.CreateContact_T01Test">
        <test-method is-config="true" signature="methodBeforeSuite()[pri:0, instance:createContact.CreateContact_T01Test@702657cc]" started-at="2025-01-19T21:43:44 IST" name="methodBeforeSuite" finished-at="2025-01-19T21:43:44 IST" duration-ms="9" status="PASS">
          <reporter-output>
          </reporter-output>
        </test-method> <!-- methodBeforeSuite -->
        <test-method is-config="true" signature="methodBeforeClass()[pri:0, instance:createContact.CreateContact_T01Test@702657cc]" started-at="2025-01-19T21:43:44 IST" name="methodBeforeClass" finished-at="2025-01-19T21:43:48 IST" duration-ms="4011" status="PASS">
          <reporter-output>
          </reporter-output>
        </test-method> <!-- methodBeforeClass -->
        <test-method is-config="true" signature="methodBeforeMethod()[pri:0, instance:createContact.CreateContact_T01Test@702657cc]" started-at="2025-01-19T21:43:48 IST" name="methodBeforeMethod" finished-at="2025-01-19T21:43:52 IST" duration-ms="4573" status="PASS">
          <reporter-output>
          </reporter-output>
        </test-method> <!-- methodBeforeMethod -->
        <test-method signature="demo()[pri:0, instance:createContact.CreateContact_T01Test@702657cc]" started-at="2025-01-19T21:43:52 IST" name="demo" finished-at="2025-01-19T21:43:52 IST" duration-ms="11" status="PASS">
          <reporter-output>
          </reporter-output>
        </test-method> <!-- demo -->
        <test-method is-config="true" signature="methodAfterMethod()[pri:0, instance:createContact.CreateContact_T01Test@702657cc]" started-at="2025-01-19T21:43:52 IST" name="methodAfterMethod" finished-at="2025-01-19T21:43:56 IST" duration-ms="3672" status="PASS">
          <reporter-output>
          </reporter-output>
        </test-method> <!-- methodAfterMethod -->
        <test-method is-config="true" signature="methodBeforeMethod()[pri:0, instance:createContact.CreateContact_T01Test@702657cc]" started-at="2025-01-19T21:43:56 IST" name="methodBeforeMethod" finished-at="2025-01-19T21:44:00 IST" duration-ms="3647" status="PASS">
          <reporter-output>
          </reporter-output>
        </test-method> <!-- methodBeforeMethod -->
        <test-method signature="tc01Test()[pri:0, instance:createContact.CreateContact_T01Test@702657cc]" started-at="2025-01-19T21:44:00 IST" name="tc01Test" finished-at="2025-01-19T21:44:23 IST" duration-ms="23806" status="PASS">
          <reporter-output>
          </reporter-output>
        </test-method> <!-- tc01Test -->
        <test-method is-config="true" signature="methodAfterMethod()[pri:0, instance:createContact.CreateContact_T01Test@702657cc]" started-at="2025-01-19T21:44:23 IST" name="methodAfterMethod" finished-at="2025-01-19T21:44:26 IST" duration-ms="2155" status="PASS">
          <reporter-output>
          </reporter-output>
        </test-method> <!-- methodAfterMethod -->
        <test-method is-config="true" signature="methodAfterClass()[pri:0, instance:createContact.CreateContact_T01Test@702657cc]" started-at="2025-01-19T21:44:26 IST" name="methodAfterClass" finished-at="2025-01-19T21:44:27 IST" duration-ms="1191" status="PASS">
          <reporter-output>
          </reporter-output>
        </test-method> <!-- methodAfterClass -->
        <test-method is-config="true" signature="methodAfterSuite()[pri:0, instance:createContact.CreateContact_T01Test@702657cc]" started-at="2025-01-19T21:44:27 IST" name="methodAfterSuite" finished-at="2025-01-19T21:44:27 IST" duration-ms="0" status="PASS">
          <reporter-output>
          </reporter-output>
        </test-method> <!-- methodAfterSuite -->
      </class> <!-- createContact.CreateContact_T01Test -->
    </test> <!-- Default test -->
  </suite> <!-- Default suite -->
</testng-results>
